0|CREATE_APPLICATION|null|org.jrebirth.analyzer.JRebirthAnalyzer|null
1|CREATE_GLOBAL_FACADE|org.jrebirth.analyzer.JRebirthAnalyzer|org.jrebirth.core.facade.GlobalFacadeBase|null
2|CREATE_NOTIFIER|org.jrebirth.core.facade.GlobalFacadeBase|org.jrebirth.core.link.NotifierBase|null
3|CREATE_UI_FACADE|org.jrebirth.core.facade.GlobalFacadeBase|org.jrebirth.core.facade.UiFacade|null
4|CREATE_SERVICE_FACADE|org.jrebirth.core.facade.GlobalFacadeBase|org.jrebirth.core.facade.ServiceFacade|null
5|CREATE_COMMAND_FACADE|org.jrebirth.core.facade.GlobalFacadeBase|org.jrebirth.core.facade.CommandFacade|null
6|CREATE_COMMAND|org.jrebirth.core.facade.CommandFacade|org.jrebirth.core.command.basic.ShowModelCommand|null
7|CREATE_COMMAND|org.jrebirth.core.facade.CommandFacade|org.jrebirth.core.command.basic.PrepareModelCommand|null
8|CREATE_COMMAND|org.jrebirth.core.facade.CommandFacade|org.jrebirth.core.command.basic.AttachModelCommand|null
9|CREATE_MODEL|org.jrebirth.core.facade.UiFacade|org.jrebirth.analyzer.ui.workbench.WorkbenchModel|null
10|CREATE_VIEW|org.jrebirth.analyzer.ui.workbench.WorkbenchModel|org.jrebirth.analyzer.ui.workbench.WorkbenchView|null
11|CREATE_CONTROLLER|org.jrebirth.analyzer.ui.workbench.WorkbenchView|org.jrebirth.analyzer.ui.workbench.WorkbenchController|null
12|CREATE_MODEL|org.jrebirth.core.facade.UiFacade|org.jrebirth.analyzer.ui.controls.ControlsModel|null
13|CREATE_VIEW|org.jrebirth.analyzer.ui.controls.ControlsModel|org.jrebirth.analyzer.ui.controls.ControlsView|null
14|CREATE_CONTROLLER|org.jrebirth.analyzer.ui.controls.ControlsView|org.jrebirth.analyzer.ui.controls.ControlsController|null
15|CREATE_MODEL|org.jrebirth.core.facade.UiFacade|org.jrebirth.analyzer.ui.properties.PropertiesModel|null
16|CREATE_VIEW|org.jrebirth.analyzer.ui.properties.PropertiesModel|org.jrebirth.analyzer.ui.properties.PropertiesView|null
17|CREATE_CONTROLLER|org.jrebirth.analyzer.ui.properties.PropertiesView|org.jrebirth.analyzer.ui.properties.PropertiesController|null
18|CREATE_MODEL|org.jrebirth.core.facade.UiFacade|org.jrebirth.analyzer.ui.editor.EditorModel|null
19|CREATE_VIEW|org.jrebirth.analyzer.ui.editor.EditorModel|org.jrebirth.analyzer.ui.editor.EditorView|null
20|CREATE_CONTROLLER|org.jrebirth.analyzer.ui.editor.EditorView|org.jrebirth.analyzer.ui.editor.EditorController|null
21|CREATE_WAVE|org.jrebirth.analyzer.ui.controls.ControlsModel|org.jrebirth.core.wave.WaveBase|null
22|CREATE_COMMAND|org.jrebirth.core.facade.CommandFacade|org.jrebirth.analyzer.command.OpenEventTrackerFileCommand|null
23|CREATE_WAVE|org.jrebirth.analyzer.command.OpenEventTrackerFileCommand|org.jrebirth.core.wave.WaveBase|null
24|CREATE_SERVICE|org.jrebirth.core.facade.ServiceFacade|org.jrebirth.analyzer.service.LoadEdtFileService|null
25|CREATE_WAVE|org.jrebirth.analyzer.service.LoadEdtFileService|org.jrebirth.core.wave.WaveBase|null
26|CREATE_WAVE|org.jrebirth.analyzer.ui.controls.ControlsModel|org.jrebirth.core.wave.WaveBase|null
27|CREATE_WAVE|org.jrebirth.analyzer.ui.editor.EditorModel|org.jrebirth.core.wave.WaveBase|null
28|CREATE_COMMAND|org.jrebirth.core.facade.CommandFacade|org.jrebirth.analyzer.command.ProcessEventCommand|null
29|CREATE_WAVE|org.jrebirth.analyzer.ui.editor.EditorModel|org.jrebirth.core.wave.WaveBase|null
30|CREATE_WAVE|org.jrebirth.analyzer.ui.editor.EditorModel|org.jrebirth.core.wave.WaveBase|null
31|CREATE_WAVE|org.jrebirth.analyzer.ui.editor.EditorModel|org.jrebirth.core.wave.WaveBase|null
32|CREATE_WAVE|org.jrebirth.analyzer.ui.editor.EditorModel|org.jrebirth.core.wave.WaveBase|null
33|CREATE_WAVE|org.jrebirth.analyzer.ui.editor.EditorModel|org.jrebirth.core.wave.WaveBase|null
34|CREATE_WAVE|org.jrebirth.analyzer.ui.editor.EditorModel|org.jrebirth.core.wave.WaveBase|null
35|CREATE_WAVE|org.jrebirth.analyzer.ui.editor.EditorModel|org.jrebirth.core.wave.WaveBase|null
36|CREATE_WAVE|org.jrebirth.analyzer.ui.editor.EditorModel|org.jrebirth.core.wave.WaveBase|null
37|ACCESS_MODEL|org.jrebirth.analyzer.command.ProcessEventCommand|org.jrebirth.analyzer.ui.editor.ball.BallModel|null
38|CREATE_MODEL|org.jrebirth.core.facade.UiFacade|org.jrebirth.analyzer.ui.editor.ball.BallModel|null
39|CREATE_VIEW|org.jrebirth.analyzer.ui.editor.ball.BallModel|org.jrebirth.analyzer.ui.editor.ball.BallView|null
40|CREATE_CONTROLLER|org.jrebirth.analyzer.ui.editor.ball.BallView|org.jrebirth.analyzer.ui.editor.ball.BallController|null
41|ACCESS_MODEL|org.jrebirth.analyzer.command.ProcessEventCommand|org.jrebirth.analyzer.ui.editor.ball.BallModel|null
42|CREATE_MODEL|org.jrebirth.core.facade.UiFacade|org.jrebirth.analyzer.ui.editor.ball.BallModel|null
43|CREATE_VIEW|org.jrebirth.analyzer.ui.editor.ball.BallModel|org.jrebirth.analyzer.ui.editor.ball.BallView|null
44|CREATE_CONTROLLER|org.jrebirth.analyzer.ui.editor.ball.BallView|org.jrebirth.analyzer.ui.editor.ball.BallController|null
45|ACCESS_MODEL|org.jrebirth.analyzer.command.ProcessEventCommand|org.jrebirth.analyzer.ui.editor.ball.BallModel|null
46|CREATE_MODEL|org.jrebirth.core.facade.UiFacade|org.jrebirth.analyzer.ui.editor.ball.BallModel|null
47|CREATE_VIEW|org.jrebirth.analyzer.ui.editor.ball.BallModel|org.jrebirth.analyzer.ui.editor.ball.BallView|null
48|CREATE_CONTROLLER|org.jrebirth.analyzer.ui.editor.ball.BallView|org.jrebirth.analyzer.ui.editor.ball.BallController|null
49|ACCESS_MODEL|org.jrebirth.analyzer.command.ProcessEventCommand|org.jrebirth.analyzer.ui.editor.ball.BallModel|null
50|CREATE_MODEL|org.jrebirth.core.facade.UiFacade|org.jrebirth.analyzer.ui.editor.ball.BallModel|null
51|CREATE_VIEW|org.jrebirth.analyzer.ui.editor.ball.BallModel|org.jrebirth.analyzer.ui.editor.ball.BallView|null
52|CREATE_CONTROLLER|org.jrebirth.analyzer.ui.editor.ball.BallView|org.jrebirth.analyzer.ui.editor.ball.BallController|null
53|ACCESS_MODEL|org.jrebirth.analyzer.command.ProcessEventCommand|org.jrebirth.analyzer.ui.editor.ball.BallModel|null
54|CREATE_MODEL|org.jrebirth.core.facade.UiFacade|org.jrebirth.analyzer.ui.editor.ball.BallModel|null
55|CREATE_VIEW|org.jrebirth.analyzer.ui.editor.ball.BallModel|org.jrebirth.analyzer.ui.editor.ball.BallView|null
56|CREATE_CONTROLLER|org.jrebirth.analyzer.ui.editor.ball.BallView|org.jrebirth.analyzer.ui.editor.ball.BallController|null
57|ACCESS_MODEL|org.jrebirth.analyzer.command.ProcessEventCommand|org.jrebirth.analyzer.ui.editor.ball.BallModel|null
58|CREATE_MODEL|org.jrebirth.core.facade.UiFacade|org.jrebirth.analyzer.ui.editor.ball.BallModel|null
59|CREATE_VIEW|org.jrebirth.analyzer.ui.editor.ball.BallModel|org.jrebirth.analyzer.ui.editor.ball.BallView|null
60|CREATE_CONTROLLER|org.jrebirth.analyzer.ui.editor.ball.BallView|org.jrebirth.analyzer.ui.editor.ball.BallController|null
61|ACCESS_MODEL|org.jrebirth.analyzer.command.ProcessEventCommand|org.jrebirth.analyzer.ui.editor.ball.BallModel|null
62|CREATE_MODEL|org.jrebirth.core.facade.UiFacade|org.jrebirth.analyzer.ui.editor.ball.BallModel|null
63|CREATE_VIEW|org.jrebirth.analyzer.ui.editor.ball.BallModel|org.jrebirth.analyzer.ui.editor.ball.BallView|null
64|CREATE_CONTROLLER|org.jrebirth.analyzer.ui.editor.ball.BallView|org.jrebirth.analyzer.ui.editor.ball.BallController|null
65|ACCESS_MODEL|org.jrebirth.analyzer.command.ProcessEventCommand|org.jrebirth.analyzer.ui.editor.ball.BallModel|null
66|CREATE_MODEL|org.jrebirth.core.facade.UiFacade|org.jrebirth.analyzer.ui.editor.ball.BallModel|null
67|CREATE_VIEW|org.jrebirth.analyzer.ui.editor.ball.BallModel|org.jrebirth.analyzer.ui.editor.ball.BallView|null
68|CREATE_CONTROLLER|org.jrebirth.analyzer.ui.editor.ball.BallView|org.jrebirth.analyzer.ui.editor.ball.BallController|null
69|ACCESS_MODEL|org.jrebirth.analyzer.command.ProcessEventCommand|org.jrebirth.analyzer.ui.editor.ball.BallModel|null
70|CREATE_MODEL|org.jrebirth.core.facade.UiFacade|org.jrebirth.analyzer.ui.editor.ball.BallModel|null
71|CREATE_VIEW|org.jrebirth.analyzer.ui.editor.ball.BallModel|org.jrebirth.analyzer.ui.editor.ball.BallView|null
72|CREATE_CONTROLLER|org.jrebirth.analyzer.ui.editor.ball.BallView|org.jrebirth.analyzer.ui.editor.ball.BallController|null
73|CREATE_WAVE|org.jrebirth.analyzer.command.ProcessEventCommand|org.jrebirth.core.wave.WaveBase|null
74|CREATE_COMMAND|org.jrebirth.core.facade.CommandFacade|org.jrebirth.analyzer.command.ShowBallCommand|null
75|ACCESS_MODEL|org.jrebirth.analyzer.command.ShowBallCommand|org.jrebirth.analyzer.ui.editor.EditorModel|null
76|CREATE_WAVE|org.jrebirth.analyzer.command.ProcessEventCommand|org.jrebirth.core.wave.WaveBase|null77|ACCESS_MODEL|org.jrebirth.analyzer.command.ShowBallCommand|org.jrebirth.analyzer.ui.editor.ball.BallModel|null

78|CREATE_WAVE|org.jrebirth.analyzer.command.ProcessEventCommand|org.jrebirth.core.wave.WaveBase|null
79|CREATE_WAVE|org.jrebirth.analyzer.command.ProcessEventCommand|org.jrebirth.core.wave.WaveBase|null
80|ACCESS_MODEL|org.jrebirth.analyzer.command.ShowBallCommand|org.jrebirth.analyzer.ui.editor.EditorModel|null
81|CREATE_WAVE|org.jrebirth.analyzer.command.ProcessEventCommand|org.jrebirth.core.wave.WaveBase|null82|ACCESS_MODEL|org.jrebirth.analyzer.command.ShowBallCommand|org.jrebirth.analyzer.ui.editor.ball.BallModel|null

83|CREATE_WAVE|org.jrebirth.analyzer.command.ProcessEventCommand|org.jrebirth.core.wave.WaveBase|null
84|ACCESS_MODEL|org.jrebirth.analyzer.command.ShowBallCommand|org.jrebirth.analyzer.ui.editor.EditorModel|null
85|CREATE_WAVE|org.jrebirth.analyzer.command.ProcessEventCommand|org.jrebirth.core.wave.WaveBase|null86|ACCESS_MODEL|org.jrebirth.analyzer.command.ShowBallCommand|org.jrebirth.analyzer.ui.editor.ball.BallModel|null

87|CREATE_WAVE|org.jrebirth.analyzer.command.ProcessEventCommand|org.jrebirth.core.wave.WaveBase|null
88|ACCESS_MODEL|org.jrebirth.analyzer.command.ShowBallCommand|org.jrebirth.analyzer.ui.editor.EditorModel|null
89|ACCESS_MODEL|org.jrebirth.analyzer.command.ShowBallCommand|org.jrebirth.analyzer.ui.editor.ball.BallModel|null90|CREATE_WAVE|org.jrebirth.analyzer.command.ProcessEventCommand|org.jrebirth.core.wave.WaveBase|null

91|ACCESS_MODEL|org.jrebirth.analyzer.command.ShowBallCommand|org.jrebirth.analyzer.ui.editor.EditorModel|null
92|ACCESS_MODEL|org.jrebirth.analyzer.command.ShowBallCommand|org.jrebirth.analyzer.ui.editor.ball.BallModel|null
93|ACCESS_MODEL|org.jrebirth.analyzer.command.ShowBallCommand|org.jrebirth.analyzer.ui.editor.EditorModel|null
94|ACCESS_MODEL|org.jrebirth.analyzer.command.ShowBallCommand|org.jrebirth.analyzer.ui.editor.ball.BallModel|null
95|ACCESS_MODEL|org.jrebirth.analyzer.command.ShowBallCommand|org.jrebirth.analyzer.ui.editor.EditorModel|null
96|ACCESS_MODEL|org.jrebirth.analyzer.command.ShowBallCommand|org.jrebirth.analyzer.ui.editor.ball.BallModel|null
97|ACCESS_MODEL|org.jrebirth.analyzer.command.ShowBallCommand|org.jrebirth.analyzer.ui.editor.EditorModel|null
98|ACCESS_MODEL|org.jrebirth.analyzer.command.ShowBallCommand|org.jrebirth.analyzer.ui.editor.ball.BallModel|null
99|ACCESS_MODEL|org.jrebirth.analyzer.command.ShowBallCommand|org.jrebirth.analyzer.ui.editor.EditorModel|null
100|ACCESS_MODEL|org.jrebirth.analyzer.command.ShowBallCommand|org.jrebirth.analyzer.ui.editor.ball.BallModel|null
